2013-12-09 12:50:33,614 WARN main org.apache.hadoop.hive.conf.HiveConf 75 - hive-site.xml not found on CLASSPATH
2013-12-09 12:50:34,060 INFO main hive.metastore 321 - Trying to connect to metastore with URI thrift://192.168.1.13:10101
2013-12-09 12:50:34,100 INFO main hive.metastore 399 - Waiting 1 seconds before next connection attempt.
2013-12-09 12:50:35,101 INFO main hive.metastore 409 - Connected to metastore.
2013-12-09 12:51:29,175 WARN main org.apache.hadoop.hive.conf.HiveConf 75 - hive-site.xml not found on CLASSPATH
2013-12-09 12:51:29,679 INFO main hive.metastore 321 - Trying to connect to metastore with URI thrift://192.168.1.13:10101
2013-12-09 12:51:29,740 INFO main hive.metastore 399 - Waiting 1 seconds before next connection attempt.
2013-12-09 12:51:30,741 INFO main hive.metastore 409 - Connected to metastore.
2013-12-09 12:51:45,563 WARN main org.apache.hadoop.hive.conf.HiveConf 75 - hive-site.xml not found on CLASSPATH
2013-12-09 12:51:45,988 INFO main hive.metastore 321 - Trying to connect to metastore with URI thrift://192.168.1.13:10101
2013-12-09 12:51:46,022 INFO main hive.metastore 399 - Waiting 1 seconds before next connection attempt.
2013-12-09 12:51:47,022 INFO main hive.metastore 409 - Connected to metastore.
2013-12-09 12:53:19,569 WARN main org.apache.hadoop.hive.conf.HiveConf 75 - hive-site.xml not found on CLASSPATH
2013-12-09 12:53:20,132 INFO main hive.metastore 321 - Trying to connect to metastore with URI thrift://192.168.1.13:10101
2013-12-09 12:53:20,180 INFO main hive.metastore 399 - Waiting 1 seconds before next connection attempt.
2013-12-09 12:53:21,180 INFO main hive.metastore 409 - Connected to metastore.
2013-12-09 12:55:22,371 WARN main org.apache.hadoop.hive.conf.HiveConf 75 - hive-site.xml not found on CLASSPATH
2013-12-09 12:55:22,809 INFO main hive.metastore 321 - Trying to connect to metastore with URI thrift://192.168.1.13:10101
2013-12-09 12:55:22,845 INFO main hive.metastore 399 - Waiting 1 seconds before next connection attempt.
2013-12-09 12:55:23,845 INFO main hive.metastore 409 - Connected to metastore.
2013-12-09 12:55:42,288 WARN main org.apache.hadoop.hive.conf.HiveConf 75 - hive-site.xml not found on CLASSPATH
2013-12-09 12:55:42,850 INFO main hive.metastore 321 - Trying to connect to metastore with URI thrift://192.168.1.13:10101
2013-12-09 12:55:42,884 INFO main hive.metastore 399 - Waiting 1 seconds before next connection attempt.
2013-12-09 12:55:43,884 INFO main hive.metastore 409 - Connected to metastore.
2013-12-09 12:55:53,962 WARN main org.apache.hadoop.hive.conf.HiveConf 75 - hive-site.xml not found on CLASSPATH
2013-12-09 12:55:54,494 INFO main hive.metastore 321 - Trying to connect to metastore with URI thrift://192.168.1.13:10101
2013-12-09 12:55:54,541 INFO main hive.metastore 399 - Waiting 1 seconds before next connection attempt.
2013-12-09 12:55:55,541 INFO main hive.metastore 409 - Connected to metastore.
2013-12-09 12:56:16,946 WARN main org.apache.hadoop.hive.conf.HiveConf 75 - hive-site.xml not found on CLASSPATH
2013-12-09 12:56:17,457 INFO main hive.metastore 321 - Trying to connect to metastore with URI thrift://192.168.1.13:10101
2013-12-09 12:56:17,505 INFO main hive.metastore 399 - Waiting 1 seconds before next connection attempt.
2013-12-09 12:56:18,505 INFO main hive.metastore 409 - Connected to metastore.
2013-12-09 12:56:46,207 WARN main org.apache.hadoop.hive.conf.HiveConf 75 - hive-site.xml not found on CLASSPATH
2013-12-09 12:56:46,725 INFO main hive.metastore 321 - Trying to connect to metastore with URI thrift://192.168.1.13:10101
2013-12-09 12:56:46,770 INFO main hive.metastore 399 - Waiting 1 seconds before next connection attempt.
2013-12-09 12:56:47,770 INFO main hive.metastore 409 - Connected to metastore.
2013-12-09 12:58:19,206 WARN main org.apache.hadoop.hive.conf.HiveConf 75 - hive-site.xml not found on CLASSPATH
2013-12-09 12:58:19,618 INFO main hive.metastore 321 - Trying to connect to metastore with URI thrift://192.168.1.13:10101
2013-12-09 12:58:19,664 INFO main hive.metastore 399 - Waiting 1 seconds before next connection attempt.
2013-12-09 12:58:20,665 INFO main hive.metastore 409 - Connected to metastore.
2013-12-09 12:58:37,871 WARN main org.apache.hadoop.hive.conf.HiveConf 75 - hive-site.xml not found on CLASSPATH
2013-12-09 12:58:38,318 INFO main hive.metastore 321 - Trying to connect to metastore with URI thrift://192.168.1.13:10101
2013-12-09 12:58:38,357 INFO main hive.metastore 399 - Waiting 1 seconds before next connection attempt.
2013-12-09 12:58:39,358 INFO main hive.metastore 409 - Connected to metastore.
2013-12-09 13:06:26,479 WARN main org.apache.hadoop.hive.conf.HiveConf 75 - hive-site.xml not found on CLASSPATH
2013-12-09 13:06:26,933 INFO main hive.metastore 321 - Trying to connect to metastore with URI thrift://192.168.1.13:10101
2013-12-09 13:06:26,968 INFO main hive.metastore 399 - Waiting 1 seconds before next connection attempt.
2013-12-09 13:06:27,968 INFO main hive.metastore 409 - Connected to metastore.
2013-12-24 15:33:00,434 WARN main org.apache.hadoop.hive.conf.HiveConf 75 - hive-site.xml not found on CLASSPATH
2013-12-24 15:33:00,904 INFO main hive.metastore 321 - Trying to connect to metastore with URI thrift://192.168.1.14:10101
2013-12-24 15:33:00,946 INFO main hive.metastore 399 - Waiting 1 seconds before next connection attempt.
2013-12-24 15:33:01,946 INFO main hive.metastore 409 - Connected to metastore.
2013-12-24 15:33:02,441 ERROR main cn.ac.iie.ulss.metastore.MetaStoreTest 175 - NoSuchObjectException(message:db1.t_dx_rz_qydx table not found)
NoSuchObjectException(message:db1.t_dx_rz_qydx table not found)
	at org.apache.hadoop.hive.metastore.api.ThriftHiveMetastore$get_table_result$get_table_resultStandardScheme.read(ThriftHiveMetastore.java)
	at org.apache.hadoop.hive.metastore.api.ThriftHiveMetastore$get_table_result$get_table_resultStandardScheme.read(ThriftHiveMetastore.java)
	at org.apache.hadoop.hive.metastore.api.ThriftHiveMetastore$get_table_result.read(ThriftHiveMetastore.java)
	at org.apache.thrift.TServiceClient.receiveBase(TServiceClient.java:78)
	at org.apache.hadoop.hive.metastore.api.ThriftHiveMetastore$Client.recv_get_table(ThriftHiveMetastore.java:2750)
	at org.apache.hadoop.hive.metastore.api.ThriftHiveMetastore$Client.get_table(ThriftHiveMetastore.java:2736)
	at org.apache.hadoop.hive.metastore.HiveMetaStoreClient.getTable(HiveMetaStoreClient.java:1013)
	at sun.reflect.NativeMethodAccessorImpl.invoke0(Native Method)
	at sun.reflect.NativeMethodAccessorImpl.invoke(NativeMethodAccessorImpl.java:39)
	at sun.reflect.DelegatingMethodAccessorImpl.invoke(DelegatingMethodAccessorImpl.java:25)
	at java.lang.reflect.Method.invoke(Method.java:597)
	at iie.metastore.MetaStoreClient$RetryingMetaStoreClient.invoke(MetaStoreClient.java:137)
	at $Proxy4.getTable(Unknown Source)
	at cn.ac.iie.ulss.metastore.MetaStoreTest.main(MetaStoreTest.java:50)
2013-12-24 15:35:14,942 WARN main org.apache.hadoop.hive.conf.HiveConf 75 - hive-site.xml not found on CLASSPATH
2013-12-24 15:35:15,381 INFO main hive.metastore 321 - Trying to connect to metastore with URI thrift://192.168.1.14:10101
2013-12-24 15:35:15,415 INFO main hive.metastore 399 - Waiting 1 seconds before next connection attempt.
2013-12-24 15:35:16,415 INFO main hive.metastore 409 - Connected to metastore.
2013-12-24 15:35:16,868 ERROR main cn.ac.iie.ulss.metastore.MetaStoreTest 175 - NoSuchObjectException(message:db1.t_dx_rz_qydx table not found)
NoSuchObjectException(message:db1.t_dx_rz_qydx table not found)
	at org.apache.hadoop.hive.metastore.api.ThriftHiveMetastore$get_table_result$get_table_resultStandardScheme.read(ThriftHiveMetastore.java)
	at org.apache.hadoop.hive.metastore.api.ThriftHiveMetastore$get_table_result$get_table_resultStandardScheme.read(ThriftHiveMetastore.java)
	at org.apache.hadoop.hive.metastore.api.ThriftHiveMetastore$get_table_result.read(ThriftHiveMetastore.java)
	at org.apache.thrift.TServiceClient.receiveBase(TServiceClient.java:78)
	at org.apache.hadoop.hive.metastore.api.ThriftHiveMetastore$Client.recv_get_table(ThriftHiveMetastore.java:2750)
	at org.apache.hadoop.hive.metastore.api.ThriftHiveMetastore$Client.get_table(ThriftHiveMetastore.java:2736)
	at org.apache.hadoop.hive.metastore.HiveMetaStoreClient.getTable(HiveMetaStoreClient.java:1013)
	at sun.reflect.NativeMethodAccessorImpl.invoke0(Native Method)
	at sun.reflect.NativeMethodAccessorImpl.invoke(NativeMethodAccessorImpl.java:39)
	at sun.reflect.DelegatingMethodAccessorImpl.invoke(DelegatingMethodAccessorImpl.java:25)
	at java.lang.reflect.Method.invoke(Method.java:597)
	at iie.metastore.MetaStoreClient$RetryingMetaStoreClient.invoke(MetaStoreClient.java:137)
	at $Proxy4.getTable(Unknown Source)
	at cn.ac.iie.ulss.metastore.MetaStoreTest.main(MetaStoreTest.java:50)
2013-12-24 16:06:10,164 WARN main org.apache.hadoop.hive.conf.HiveConf 75 - hive-site.xml not found on CLASSPATH
2013-12-24 16:06:10,650 INFO main hive.metastore 321 - Trying to connect to metastore with URI thrift://192.168.1.14:10101
2013-12-24 16:06:10,692 INFO main hive.metastore 399 - Waiting 1 seconds before next connection attempt.
2013-12-24 16:06:11,693 INFO main hive.metastore 409 - Connected to metastore.
2013-12-24 16:06:12,217 INFO main cn.ac.iie.ulss.metastore.MetaStoreTest 53 - the mm.url for anhui is null 
2013-12-24 16:06:12,218 INFO main cn.ac.iie.ulss.metastore.MetaStoreTest 53 - the mm.url for beijing is null 
2013-12-24 16:06:12,218 INFO main cn.ac.iie.ulss.metastore.MetaStoreTest 53 - the mm.url for chongqing is null 
2013-12-24 16:06:22,659 INFO main org.springframework.jdbc.datasource.DriverManagerDataSource 155 - Loaded JDBC driver: oracle.jdbc.driver.OracleDriver
2013-12-24 16:06:22,660 INFO main cn.ac.iie.ulss.metastore.MetaStoreTest 53 - the mm.url for db2 is null 
2013-12-24 16:06:22,660 INFO main cn.ac.iie.ulss.metastore.MetaStoreTest 53 - the mm.url for dbtest is null 
2013-12-24 16:06:22,660 INFO main cn.ac.iie.ulss.metastore.MetaStoreTest 53 - the mm.url for dbtest1 is null 
2013-12-24 16:06:22,660 INFO main cn.ac.iie.ulss.metastore.MetaStoreTest 53 - the mm.url for dbtest2 is null 
2013-12-24 16:06:22,660 INFO main cn.ac.iie.ulss.metastore.MetaStoreTest 53 - the mm.url for dbtest3 is null 
2013-12-24 16:06:22,661 INFO main cn.ac.iie.ulss.metastore.MetaStoreTest 53 - the mm.url for dbtest7 is null 
2013-12-24 16:06:22,661 INFO main cn.ac.iie.ulss.metastore.MetaStoreTest 53 - the mm.url for dbzqh is null 
2013-12-24 16:06:22,662 INFO main cn.ac.iie.ulss.metastore.MetaStoreTest 53 - the mm.url for dbzy is null 
2013-12-24 16:06:22,665 INFO main cn.ac.iie.ulss.metastore.MetaStoreTest 53 - the mm.url for dbzy2 is null 
2013-12-24 16:06:22,665 INFO main cn.ac.iie.ulss.metastore.MetaStoreTest 53 - the mm.url for dbzy3 is null 
2013-12-24 16:06:22,665 INFO main cn.ac.iie.ulss.metastore.MetaStoreTest 53 - the mm.url for fujian is null 
2013-12-24 16:06:22,665 INFO main cn.ac.iie.ulss.metastore.MetaStoreTest 53 - the mm.url for gansu is null 
2013-12-24 16:06:22,667 INFO main cn.ac.iie.ulss.metastore.MetaStoreTest 53 - the mm.url for guangdong is null 
2013-12-24 16:06:22,667 INFO main cn.ac.iie.ulss.metastore.MetaStoreTest 53 - the mm.url for guangxi is null 
2013-12-24 16:06:22,667 INFO main cn.ac.iie.ulss.metastore.MetaStoreTest 53 - the mm.url for guizhou is null 
2013-12-24 16:06:22,667 INFO main cn.ac.iie.ulss.metastore.MetaStoreTest 53 - the mm.url for hainan is null 
2013-12-24 16:06:22,667 INFO main cn.ac.iie.ulss.metastore.MetaStoreTest 53 - the mm.url for hebei is null 
2013-12-24 16:06:22,668 INFO main cn.ac.iie.ulss.metastore.MetaStoreTest 53 - the mm.url for heilongjiang is null 
2013-12-24 16:06:22,670 INFO main cn.ac.iie.ulss.metastore.MetaStoreTest 53 - the mm.url for henan is null 
2013-12-24 16:06:22,670 INFO main cn.ac.iie.ulss.metastore.MetaStoreTest 53 - the mm.url for hubei is null 
2013-12-24 16:06:22,670 INFO main cn.ac.iie.ulss.metastore.MetaStoreTest 53 - the mm.url for hunan is null 
2013-12-24 16:06:22,670 INFO main cn.ac.iie.ulss.metastore.MetaStoreTest 53 - the mm.url for jiangxi is null 
2013-12-24 16:06:22,670 INFO main cn.ac.iie.ulss.metastore.MetaStoreTest 53 - the mm.url for jilin is null 
2013-12-24 16:06:22,671 INFO main cn.ac.iie.ulss.metastore.MetaStoreTest 53 - the mm.url for liaoning is null 
2013-12-24 16:06:22,673 INFO main cn.ac.iie.ulss.metastore.MetaStoreTest 53 - the mm.url for neimenggu is null 
2013-12-24 16:06:22,673 INFO main cn.ac.iie.ulss.metastore.MetaStoreTest 53 - the mm.url for ningxia is null 
2013-12-24 16:06:22,673 INFO main cn.ac.iie.ulss.metastore.MetaStoreTest 53 - the mm.url for qinghai is null 
2013-12-24 16:06:22,673 INFO main cn.ac.iie.ulss.metastore.MetaStoreTest 53 - the mm.url for shandong is null 
2013-12-24 16:06:22,673 INFO main cn.ac.iie.ulss.metastore.MetaStoreTest 53 - the mm.url for shanghai is null 
2013-12-24 16:06:22,673 INFO main cn.ac.iie.ulss.metastore.MetaStoreTest 53 - the mm.url for shanxi is null 
2013-12-24 16:06:22,675 INFO main cn.ac.iie.ulss.metastore.MetaStoreTest 53 - the mm.url for shanxi1 is null 
2013-12-24 16:06:22,676 INFO main cn.ac.iie.ulss.metastore.MetaStoreTest 53 - the mm.url for tianjin is null 
2013-12-24 16:06:22,676 INFO main cn.ac.iie.ulss.metastore.MetaStoreTest 53 - the mm.url for top_db is null 
2013-12-24 16:06:22,676 INFO main cn.ac.iie.ulss.metastore.MetaStoreTest 53 - the mm.url for xizang is null 
2013-12-24 16:06:22,676 INFO main cn.ac.iie.ulss.metastore.MetaStoreTest 53 - the mm.url for zhejiang is null 
2013-12-24 16:06:22,710 ERROR main cn.ac.iie.ulss.metastore.MetaStoreTest 192 - NoSuchObjectException(message:db1.t_dx_rz_qydx table not found)
NoSuchObjectException(message:db1.t_dx_rz_qydx table not found)
	at org.apache.hadoop.hive.metastore.api.ThriftHiveMetastore$get_table_result$get_table_resultStandardScheme.read(ThriftHiveMetastore.java)
	at org.apache.hadoop.hive.metastore.api.ThriftHiveMetastore$get_table_result$get_table_resultStandardScheme.read(ThriftHiveMetastore.java)
	at org.apache.hadoop.hive.metastore.api.ThriftHiveMetastore$get_table_result.read(ThriftHiveMetastore.java)
	at org.apache.thrift.TServiceClient.receiveBase(TServiceClient.java:78)
	at org.apache.hadoop.hive.metastore.api.ThriftHiveMetastore$Client.recv_get_table(ThriftHiveMetastore.java:2750)
	at org.apache.hadoop.hive.metastore.api.ThriftHiveMetastore$Client.get_table(ThriftHiveMetastore.java:2736)
	at org.apache.hadoop.hive.metastore.HiveMetaStoreClient.getTable(HiveMetaStoreClient.java:1013)
	at sun.reflect.NativeMethodAccessorImpl.invoke0(Native Method)
	at sun.reflect.NativeMethodAccessorImpl.invoke(NativeMethodAccessorImpl.java:39)
	at sun.reflect.DelegatingMethodAccessorImpl.invoke(DelegatingMethodAccessorImpl.java:25)
	at java.lang.reflect.Method.invoke(Method.java:597)
	at iie.metastore.MetaStoreClient$RetryingMetaStoreClient.invoke(MetaStoreClient.java:137)
	at $Proxy4.getTable(Unknown Source)
	at cn.ac.iie.ulss.metastore.MetaStoreTest.main(MetaStoreTest.java:67)
2013-12-24 16:07:56,386 WARN main org.apache.hadoop.hive.conf.HiveConf 75 - hive-site.xml not found on CLASSPATH
2013-12-24 16:07:56,823 INFO main hive.metastore 321 - Trying to connect to metastore with URI thrift://192.168.1.14:10101
2013-12-24 16:07:56,856 INFO main hive.metastore 399 - Waiting 1 seconds before next connection attempt.
2013-12-24 16:07:57,859 INFO main hive.metastore 409 - Connected to metastore.
2013-12-24 16:07:58,445 INFO main cn.ac.iie.ulss.metastore.MetaStoreTest 50 - the mm.url for anhui is null 
2013-12-24 16:07:58,446 INFO main cn.ac.iie.ulss.metastore.MetaStoreTest 50 - the mm.url for beijing is null 
2013-12-24 16:07:58,447 INFO main cn.ac.iie.ulss.metastore.MetaStoreTest 50 - the mm.url for chongqing is null 
2013-12-24 16:07:58,447 INFO main cn.ac.iie.ulss.metastore.MetaStoreTest 50 - the mm.url for db2 is null 
2013-12-24 16:07:58,447 INFO main cn.ac.iie.ulss.metastore.MetaStoreTest 50 - the mm.url for dbtest is null 
2013-12-24 16:07:58,448 INFO main cn.ac.iie.ulss.metastore.MetaStoreTest 50 - the mm.url for dbtest1 is null 
2013-12-24 16:07:58,448 INFO main cn.ac.iie.ulss.metastore.MetaStoreTest 50 - the mm.url for dbtest2 is null 
2013-12-24 16:07:58,449 INFO main cn.ac.iie.ulss.metastore.MetaStoreTest 50 - the mm.url for dbtest3 is null 
2013-12-24 16:07:58,449 INFO main cn.ac.iie.ulss.metastore.MetaStoreTest 50 - the mm.url for dbtest7 is null 
2013-12-24 16:07:58,449 INFO main cn.ac.iie.ulss.metastore.MetaStoreTest 50 - the mm.url for dbzqh is null 
2013-12-24 16:07:58,450 INFO main cn.ac.iie.ulss.metastore.MetaStoreTest 50 - the mm.url for dbzy is null 
2013-12-24 16:07:58,450 INFO main cn.ac.iie.ulss.metastore.MetaStoreTest 50 - the mm.url for dbzy2 is null 
2013-12-24 16:07:58,456 INFO main cn.ac.iie.ulss.metastore.MetaStoreTest 50 - the mm.url for dbzy3 is null 
2013-12-24 16:07:58,471 INFO main cn.ac.iie.ulss.metastore.MetaStoreTest 50 - the mm.url for fujian is null 
2013-12-24 16:07:58,471 INFO main cn.ac.iie.ulss.metastore.MetaStoreTest 50 - the mm.url for gansu is null 
2013-12-24 16:07:58,471 INFO main cn.ac.iie.ulss.metastore.MetaStoreTest 50 - the mm.url for guangdong is null 
2013-12-24 16:07:58,471 INFO main cn.ac.iie.ulss.metastore.MetaStoreTest 50 - the mm.url for guangxi is null 
2013-12-24 16:07:58,472 INFO main cn.ac.iie.ulss.metastore.MetaStoreTest 50 - the mm.url for guizhou is null 
2013-12-24 16:07:58,472 INFO main cn.ac.iie.ulss.metastore.MetaStoreTest 50 - the mm.url for hainan is null 
2013-12-24 16:07:58,481 INFO main cn.ac.iie.ulss.metastore.MetaStoreTest 50 - the mm.url for hebei is null 
2013-12-24 16:07:58,481 INFO main cn.ac.iie.ulss.metastore.MetaStoreTest 50 - the mm.url for heilongjiang is null 
2013-12-24 16:07:58,481 INFO main cn.ac.iie.ulss.metastore.MetaStoreTest 50 - the mm.url for henan is null 
2013-12-24 16:07:58,481 INFO main cn.ac.iie.ulss.metastore.MetaStoreTest 50 - the mm.url for hubei is null 
2013-12-24 16:07:58,482 INFO main cn.ac.iie.ulss.metastore.MetaStoreTest 50 - the mm.url for hunan is null 
2013-12-24 16:07:58,482 INFO main cn.ac.iie.ulss.metastore.MetaStoreTest 50 - the mm.url for jiangxi is null 
2013-12-24 16:07:58,484 INFO main cn.ac.iie.ulss.metastore.MetaStoreTest 50 - the mm.url for jilin is null 
2013-12-24 16:07:58,484 INFO main cn.ac.iie.ulss.metastore.MetaStoreTest 50 - the mm.url for liaoning is null 
2013-12-24 16:07:58,484 INFO main cn.ac.iie.ulss.metastore.MetaStoreTest 50 - the mm.url for neimenggu is null 
2013-12-24 16:07:58,485 INFO main cn.ac.iie.ulss.metastore.MetaStoreTest 50 - the mm.url for ningxia is null 
2013-12-24 16:07:58,485 INFO main cn.ac.iie.ulss.metastore.MetaStoreTest 50 - the mm.url for qinghai is null 
2013-12-24 16:07:58,485 INFO main cn.ac.iie.ulss.metastore.MetaStoreTest 50 - the mm.url for shandong is null 
2013-12-24 16:07:58,487 INFO main cn.ac.iie.ulss.metastore.MetaStoreTest 50 - the mm.url for shanghai is null 
2013-12-24 16:07:58,487 INFO main cn.ac.iie.ulss.metastore.MetaStoreTest 50 - the mm.url for shanxi is null 
2013-12-24 16:07:58,487 INFO main cn.ac.iie.ulss.metastore.MetaStoreTest 50 - the mm.url for shanxi1 is null 
2013-12-24 16:07:58,488 INFO main cn.ac.iie.ulss.metastore.MetaStoreTest 50 - the mm.url for tianjin is null 
2013-12-24 16:07:58,488 INFO main cn.ac.iie.ulss.metastore.MetaStoreTest 50 - the mm.url for top_db is null 
2013-12-24 16:07:58,488 INFO main cn.ac.iie.ulss.metastore.MetaStoreTest 50 - the mm.url for xizang is null 
2013-12-24 16:07:58,490 INFO main cn.ac.iie.ulss.metastore.MetaStoreTest 50 - the mm.url for zhejiang is null 
2013-12-24 16:07:58,536 ERROR main cn.ac.iie.ulss.metastore.MetaStoreTest 189 - NoSuchObjectException(message:db1.t_dx_rz_qydx table not found)
NoSuchObjectException(message:db1.t_dx_rz_qydx table not found)
	at org.apache.hadoop.hive.metastore.api.ThriftHiveMetastore$get_table_result$get_table_resultStandardScheme.read(ThriftHiveMetastore.java)
	at org.apache.hadoop.hive.metastore.api.ThriftHiveMetastore$get_table_result$get_table_resultStandardScheme.read(ThriftHiveMetastore.java)
	at org.apache.hadoop.hive.metastore.api.ThriftHiveMetastore$get_table_result.read(ThriftHiveMetastore.java)
	at org.apache.thrift.TServiceClient.receiveBase(TServiceClient.java:78)
	at org.apache.hadoop.hive.metastore.api.ThriftHiveMetastore$Client.recv_get_table(ThriftHiveMetastore.java:2750)
	at org.apache.hadoop.hive.metastore.api.ThriftHiveMetastore$Client.get_table(ThriftHiveMetastore.java:2736)
	at org.apache.hadoop.hive.metastore.HiveMetaStoreClient.getTable(HiveMetaStoreClient.java:1013)
	at sun.reflect.NativeMethodAccessorImpl.invoke0(Native Method)
	at sun.reflect.NativeMethodAccessorImpl.invoke(NativeMethodAccessorImpl.java:39)
	at sun.reflect.DelegatingMethodAccessorImpl.invoke(DelegatingMethodAccessorImpl.java:25)
	at java.lang.reflect.Method.invoke(Method.java:597)
	at iie.metastore.MetaStoreClient$RetryingMetaStoreClient.invoke(MetaStoreClient.java:137)
	at $Proxy4.getTable(Unknown Source)
	at cn.ac.iie.ulss.metastore.MetaStoreTest.main(MetaStoreTest.java:64)
2013-12-24 16:09:20,544 WARN main org.apache.hadoop.hive.conf.HiveConf 75 - hive-site.xml not found on CLASSPATH
2013-12-24 16:09:21,099 INFO main hive.metastore 321 - Trying to connect to metastore with URI thrift://192.168.1.14:10101
2013-12-24 16:09:21,149 INFO main hive.metastore 399 - Waiting 1 seconds before next connection attempt.
2013-12-24 16:09:22,150 INFO main hive.metastore 409 - Connected to metastore.
2013-12-24 16:09:22,685 INFO main cn.ac.iie.ulss.metastore.MetaStoreTest 50 - the mm.url for anhui is null 
2013-12-24 16:09:22,686 INFO main cn.ac.iie.ulss.metastore.MetaStoreTest 50 - the mm.url for beijing is null 
2013-12-24 16:09:22,687 INFO main cn.ac.iie.ulss.metastore.MetaStoreTest 50 - the mm.url for chongqing is null 
2013-12-24 16:09:22,688 INFO main cn.ac.iie.ulss.metastore.MetaStoreTest 50 - the mm.url for db2 is null 
2013-12-24 16:09:22,688 INFO main cn.ac.iie.ulss.metastore.MetaStoreTest 50 - the mm.url for dbtest is null 
2013-12-24 16:09:22,689 INFO main cn.ac.iie.ulss.metastore.MetaStoreTest 50 - the mm.url for dbtest1 is null 
2013-12-24 16:09:22,690 INFO main cn.ac.iie.ulss.metastore.MetaStoreTest 50 - the mm.url for dbtest2 is null 
2013-12-24 16:09:22,691 INFO main cn.ac.iie.ulss.metastore.MetaStoreTest 50 - the mm.url for dbtest3 is null 
2013-12-24 16:09:22,691 INFO main cn.ac.iie.ulss.metastore.MetaStoreTest 50 - the mm.url for dbtest7 is null 
2013-12-24 16:09:22,692 INFO main cn.ac.iie.ulss.metastore.MetaStoreTest 50 - the mm.url for dbzqh is null 
2013-12-24 16:09:22,692 INFO main cn.ac.iie.ulss.metastore.MetaStoreTest 50 - the mm.url for dbzy is null 
2013-12-24 16:09:22,693 INFO main cn.ac.iie.ulss.metastore.MetaStoreTest 50 - the mm.url for dbzy2 is null 
2013-12-24 16:09:22,700 INFO main cn.ac.iie.ulss.metastore.MetaStoreTest 50 - the mm.url for dbzy3 is null 
2013-12-24 16:09:22,700 INFO main cn.ac.iie.ulss.metastore.MetaStoreTest 50 - the mm.url for fujian is null 
2013-12-24 16:09:22,700 INFO main cn.ac.iie.ulss.metastore.MetaStoreTest 50 - the mm.url for gansu is null 
2013-12-24 16:09:22,701 INFO main cn.ac.iie.ulss.metastore.MetaStoreTest 50 - the mm.url for guangdong is null 
2013-12-24 16:09:22,701 INFO main cn.ac.iie.ulss.metastore.MetaStoreTest 50 - the mm.url for guangxi is null 
2013-12-24 16:09:22,701 INFO main cn.ac.iie.ulss.metastore.MetaStoreTest 50 - the mm.url for guizhou is null 
2013-12-24 16:09:22,702 INFO main cn.ac.iie.ulss.metastore.MetaStoreTest 50 - the mm.url for hainan is null 
2013-12-24 16:09:22,702 INFO main cn.ac.iie.ulss.metastore.MetaStoreTest 50 - the mm.url for hebei is null 
2013-12-24 16:09:22,702 INFO main cn.ac.iie.ulss.metastore.MetaStoreTest 50 - the mm.url for heilongjiang is null 
2013-12-24 16:09:22,703 INFO main cn.ac.iie.ulss.metastore.MetaStoreTest 50 - the mm.url for henan is null 
2013-12-24 16:09:22,703 INFO main cn.ac.iie.ulss.metastore.MetaStoreTest 50 - the mm.url for hubei is null 
2013-12-24 16:09:22,703 INFO main cn.ac.iie.ulss.metastore.MetaStoreTest 50 - the mm.url for hunan is null 
2013-12-24 16:09:22,705 INFO main cn.ac.iie.ulss.metastore.MetaStoreTest 50 - the mm.url for jiangxi is null 
2013-12-24 16:09:22,705 INFO main cn.ac.iie.ulss.metastore.MetaStoreTest 50 - the mm.url for jilin is null 
2013-12-24 16:09:22,705 INFO main cn.ac.iie.ulss.metastore.MetaStoreTest 50 - the mm.url for liaoning is null 
2013-12-24 16:09:22,706 INFO main cn.ac.iie.ulss.metastore.MetaStoreTest 50 - the mm.url for neimenggu is null 
2013-12-24 16:09:22,706 INFO main cn.ac.iie.ulss.metastore.MetaStoreTest 50 - the mm.url for ningxia is null 
2013-12-24 16:09:22,706 INFO main cn.ac.iie.ulss.metastore.MetaStoreTest 50 - the mm.url for qinghai is null 
2013-12-24 16:09:22,707 INFO main cn.ac.iie.ulss.metastore.MetaStoreTest 50 - the mm.url for shandong is null 
2013-12-24 16:09:22,707 INFO main cn.ac.iie.ulss.metastore.MetaStoreTest 50 - the mm.url for shanghai is null 
2013-12-24 16:09:22,707 INFO main cn.ac.iie.ulss.metastore.MetaStoreTest 50 - the mm.url for shanxi is null 
2013-12-24 16:09:22,707 INFO main cn.ac.iie.ulss.metastore.MetaStoreTest 50 - the mm.url for shanxi1 is null 
2013-12-24 16:09:22,708 INFO main cn.ac.iie.ulss.metastore.MetaStoreTest 50 - the mm.url for tianjin is null 
2013-12-24 16:09:22,709 INFO main cn.ac.iie.ulss.metastore.MetaStoreTest 50 - the mm.url for top_db is null 
2013-12-24 16:09:22,712 INFO main cn.ac.iie.ulss.metastore.MetaStoreTest 50 - the mm.url for xizang is null 
2013-12-24 16:09:22,713 INFO main cn.ac.iie.ulss.metastore.MetaStoreTest 50 - the mm.url for zhejiang is null 
2013-12-24 16:09:22,761 ERROR main cn.ac.iie.ulss.metastore.MetaStoreTest 189 - NoSuchObjectException(message:db1.t_dx_rz_qydx table not found)
NoSuchObjectException(message:db1.t_dx_rz_qydx table not found)
	at org.apache.hadoop.hive.metastore.api.ThriftHiveMetastore$get_table_result$get_table_resultStandardScheme.read(ThriftHiveMetastore.java)
	at org.apache.hadoop.hive.metastore.api.ThriftHiveMetastore$get_table_result$get_table_resultStandardScheme.read(ThriftHiveMetastore.java)
	at org.apache.hadoop.hive.metastore.api.ThriftHiveMetastore$get_table_result.read(ThriftHiveMetastore.java)
	at org.apache.thrift.TServiceClient.receiveBase(TServiceClient.java:78)
	at org.apache.hadoop.hive.metastore.api.ThriftHiveMetastore$Client.recv_get_table(ThriftHiveMetastore.java:2750)
	at org.apache.hadoop.hive.metastore.api.ThriftHiveMetastore$Client.get_table(ThriftHiveMetastore.java:2736)
	at org.apache.hadoop.hive.metastore.HiveMetaStoreClient.getTable(HiveMetaStoreClient.java:1013)
	at sun.reflect.NativeMethodAccessorImpl.invoke0(Native Method)
	at sun.reflect.NativeMethodAccessorImpl.invoke(NativeMethodAccessorImpl.java:39)
	at sun.reflect.DelegatingMethodAccessorImpl.invoke(DelegatingMethodAccessorImpl.java:25)
	at java.lang.reflect.Method.invoke(Method.java:597)
	at iie.metastore.MetaStoreClient$RetryingMetaStoreClient.invoke(MetaStoreClient.java:137)
	at $Proxy4.getTable(Unknown Source)
	at cn.ac.iie.ulss.metastore.MetaStoreTest.main(MetaStoreTest.java:64)
2013-12-24 16:18:03,843 WARN main org.apache.hadoop.hive.conf.HiveConf 75 - hive-site.xml not found on CLASSPATH
2013-12-24 16:18:04,280 INFO main hive.metastore 321 - Trying to connect to metastore with URI thrift://192.168.1.14:10101
2013-12-24 16:18:04,319 INFO main hive.metastore 399 - Waiting 1 seconds before next connection attempt.
2013-12-24 16:18:05,319 INFO main hive.metastore 409 - Connected to metastore.
2013-12-24 16:18:05,978 INFO main cn.ac.iie.ulss.metastore.MetaStoreTest 50 - the mm.url for anhui is null 
2013-12-24 16:18:05,978 INFO main cn.ac.iie.ulss.metastore.MetaStoreTest 50 - the mm.url for beijing is null 
2013-12-24 16:18:05,981 INFO main cn.ac.iie.ulss.metastore.MetaStoreTest 50 - the mm.url for chongqing is null 
2013-12-24 16:18:05,981 INFO main cn.ac.iie.ulss.metastore.MetaStoreTest 50 - the mm.url for dbtest is null 
2013-12-24 16:18:05,981 INFO main cn.ac.iie.ulss.metastore.MetaStoreTest 50 - the mm.url for dbtest1 is null 
2013-12-24 16:18:05,982 INFO main cn.ac.iie.ulss.metastore.MetaStoreTest 50 - the mm.url for dbtest2 is null 
2013-12-24 16:18:05,992 INFO main cn.ac.iie.ulss.metastore.MetaStoreTest 50 - the mm.url for dbtest3 is null 
2013-12-24 16:18:05,993 INFO main cn.ac.iie.ulss.metastore.MetaStoreTest 50 - the mm.url for dbtest7 is null 
2013-12-24 16:18:05,993 INFO main cn.ac.iie.ulss.metastore.MetaStoreTest 50 - the mm.url for dbzqh is null 
2013-12-24 16:18:05,993 INFO main cn.ac.iie.ulss.metastore.MetaStoreTest 50 - the mm.url for dbzy is null 
2013-12-24 16:18:05,994 INFO main cn.ac.iie.ulss.metastore.MetaStoreTest 50 - the mm.url for dbzy2 is null 
2013-12-24 16:18:05,994 INFO main cn.ac.iie.ulss.metastore.MetaStoreTest 50 - the mm.url for dbzy3 is null 
2013-12-24 16:18:05,999 INFO main cn.ac.iie.ulss.metastore.MetaStoreTest 50 - the mm.url for fujian is null 
2013-12-24 16:18:05,999 INFO main cn.ac.iie.ulss.metastore.MetaStoreTest 50 - the mm.url for gansu is null 
2013-12-24 16:18:06,000 INFO main cn.ac.iie.ulss.metastore.MetaStoreTest 50 - the mm.url for guangdong is null 
2013-12-24 16:18:06,000 INFO main cn.ac.iie.ulss.metastore.MetaStoreTest 50 - the mm.url for guangxi is null 
2013-12-24 16:18:06,000 INFO main cn.ac.iie.ulss.metastore.MetaStoreTest 50 - the mm.url for guizhou is null 
2013-12-24 16:18:06,004 INFO main cn.ac.iie.ulss.metastore.MetaStoreTest 50 - the mm.url for hainan is null 
2013-12-24 16:18:06,004 INFO main cn.ac.iie.ulss.metastore.MetaStoreTest 50 - the mm.url for hebei is null 
2013-12-24 16:18:06,005 INFO main cn.ac.iie.ulss.metastore.MetaStoreTest 50 - the mm.url for heilongjiang is null 
2013-12-24 16:18:06,005 INFO main cn.ac.iie.ulss.metastore.MetaStoreTest 50 - the mm.url for henan is null 
2013-12-24 16:18:06,005 INFO main cn.ac.iie.ulss.metastore.MetaStoreTest 50 - the mm.url for hubei is null 
2013-12-24 16:18:06,006 INFO main cn.ac.iie.ulss.metastore.MetaStoreTest 50 - the mm.url for hunan is null 
2013-12-24 16:18:06,008 INFO main cn.ac.iie.ulss.metastore.MetaStoreTest 50 - the mm.url for jiangxi is null 
2013-12-24 16:18:06,008 INFO main cn.ac.iie.ulss.metastore.MetaStoreTest 50 - the mm.url for jilin is null 
2013-12-24 16:18:06,008 INFO main cn.ac.iie.ulss.metastore.MetaStoreTest 50 - the mm.url for liaoning is null 
2013-12-24 16:18:06,008 INFO main cn.ac.iie.ulss.metastore.MetaStoreTest 50 - the mm.url for neimenggu is null 
2013-12-24 16:18:06,008 INFO main cn.ac.iie.ulss.metastore.MetaStoreTest 50 - the mm.url for ningxia is null 
2013-12-24 16:18:06,009 INFO main cn.ac.iie.ulss.metastore.MetaStoreTest 50 - the mm.url for qinghai is null 
2013-12-24 16:18:06,010 INFO main cn.ac.iie.ulss.metastore.MetaStoreTest 50 - the mm.url for shandong is null 
2013-12-24 16:18:06,010 INFO main cn.ac.iie.ulss.metastore.MetaStoreTest 50 - the mm.url for shanghai is null 
2013-12-24 16:18:06,011 INFO main cn.ac.iie.ulss.metastore.MetaStoreTest 50 - the mm.url for shanxi is null 
2013-12-24 16:18:06,011 INFO main cn.ac.iie.ulss.metastore.MetaStoreTest 50 - the mm.url for shanxi1 is null 
2013-12-24 16:18:06,011 INFO main cn.ac.iie.ulss.metastore.MetaStoreTest 50 - the mm.url for tianjin is null 
2013-12-24 16:18:06,011 INFO main cn.ac.iie.ulss.metastore.MetaStoreTest 50 - the mm.url for top_db is null 
2013-12-24 16:18:06,014 INFO main cn.ac.iie.ulss.metastore.MetaStoreTest 50 - the mm.url for xizang is null 
2013-12-24 16:18:06,014 INFO main cn.ac.iie.ulss.metastore.MetaStoreTest 50 - the mm.url for zhejiang is null 
2013-12-24 16:18:06,069 ERROR main cn.ac.iie.ulss.metastore.MetaStoreTest 189 - NoSuchObjectException(message:db1.t_dx_rz_qydx table not found)
NoSuchObjectException(message:db1.t_dx_rz_qydx table not found)
	at org.apache.hadoop.hive.metastore.api.ThriftHiveMetastore$get_table_result$get_table_resultStandardScheme.read(ThriftHiveMetastore.java)
	at org.apache.hadoop.hive.metastore.api.ThriftHiveMetastore$get_table_result$get_table_resultStandardScheme.read(ThriftHiveMetastore.java)
	at org.apache.hadoop.hive.metastore.api.ThriftHiveMetastore$get_table_result.read(ThriftHiveMetastore.java)
	at org.apache.thrift.TServiceClient.receiveBase(TServiceClient.java:78)
	at org.apache.hadoop.hive.metastore.api.ThriftHiveMetastore$Client.recv_get_table(ThriftHiveMetastore.java:2750)
	at org.apache.hadoop.hive.metastore.api.ThriftHiveMetastore$Client.get_table(ThriftHiveMetastore.java:2736)
	at org.apache.hadoop.hive.metastore.HiveMetaStoreClient.getTable(HiveMetaStoreClient.java:1013)
	at sun.reflect.NativeMethodAccessorImpl.invoke0(Native Method)
	at sun.reflect.NativeMethodAccessorImpl.invoke(NativeMethodAccessorImpl.java:39)
	at sun.reflect.DelegatingMethodAccessorImpl.invoke(DelegatingMethodAccessorImpl.java:25)
	at java.lang.reflect.Method.invoke(Method.java:597)
	at iie.metastore.MetaStoreClient$RetryingMetaStoreClient.invoke(MetaStoreClient.java:137)
	at $Proxy4.getTable(Unknown Source)
	at cn.ac.iie.ulss.metastore.MetaStoreTest.main(MetaStoreTest.java:64)
2013-12-24 17:20:32,793 WARN main org.apache.hadoop.hive.conf.HiveConf 75 - hive-site.xml not found on CLASSPATH
2013-12-24 17:20:33,248 INFO main hive.metastore 321 - Trying to connect to metastore with URI thrift://192.168.1.14:10101
2013-12-24 17:20:33,281 INFO main hive.metastore 399 - Waiting 1 seconds before next connection attempt.
2013-12-24 17:20:34,282 INFO main hive.metastore 409 - Connected to metastore.
2013-12-24 17:20:34,751 INFO main cn.ac.iie.ulss.metastore.MetaStoreTest 50 - the mm.url for anhui is null 
2013-12-24 17:20:34,752 INFO main cn.ac.iie.ulss.metastore.MetaStoreTest 50 - the mm.url for beijing is null 
2013-12-24 17:20:34,753 INFO main cn.ac.iie.ulss.metastore.MetaStoreTest 50 - the mm.url for chongqing is null 
2013-12-24 17:20:34,754 INFO main cn.ac.iie.ulss.metastore.MetaStoreTest 50 - the mm.url for dbtest is null 
2013-12-24 17:20:34,755 INFO main cn.ac.iie.ulss.metastore.MetaStoreTest 50 - the mm.url for dbtest1 is null 
2013-12-24 17:20:34,756 INFO main cn.ac.iie.ulss.metastore.MetaStoreTest 50 - the mm.url for dbtest2 is null 
2013-12-24 17:20:34,757 INFO main cn.ac.iie.ulss.metastore.MetaStoreTest 50 - the mm.url for dbtest3 is null 
2013-12-24 17:20:34,757 INFO main cn.ac.iie.ulss.metastore.MetaStoreTest 50 - the mm.url for dbtest7 is null 
2013-12-24 17:20:34,758 INFO main cn.ac.iie.ulss.metastore.MetaStoreTest 50 - the mm.url for dbzqh is null 
2013-12-24 17:20:34,758 INFO main cn.ac.iie.ulss.metastore.MetaStoreTest 50 - the mm.url for dbzy is null 
2013-12-24 17:20:34,760 INFO main cn.ac.iie.ulss.metastore.MetaStoreTest 50 - the mm.url for dbzy2 is null 
2013-12-24 17:20:34,761 INFO main cn.ac.iie.ulss.metastore.MetaStoreTest 50 - the mm.url for dbzy3 is null 
2013-12-24 17:20:34,769 INFO main cn.ac.iie.ulss.metastore.MetaStoreTest 50 - the mm.url for fujian is null 
2013-12-24 17:20:34,770 INFO main cn.ac.iie.ulss.metastore.MetaStoreTest 50 - the mm.url for gansu is null 
2013-12-24 17:20:34,771 INFO main cn.ac.iie.ulss.metastore.MetaStoreTest 50 - the mm.url for guangdong is null 
2013-12-24 17:20:34,771 INFO main cn.ac.iie.ulss.metastore.MetaStoreTest 50 - the mm.url for guangxi is null 
2013-12-24 17:20:34,772 INFO main cn.ac.iie.ulss.metastore.MetaStoreTest 50 - the mm.url for guizhou is null 
2013-12-24 17:20:34,773 INFO main cn.ac.iie.ulss.metastore.MetaStoreTest 50 - the mm.url for hainan is null 
2013-12-24 17:20:34,774 INFO main cn.ac.iie.ulss.metastore.MetaStoreTest 50 - the mm.url for hebei is null 
2013-12-24 17:20:34,774 INFO main cn.ac.iie.ulss.metastore.MetaStoreTest 50 - the mm.url for heilongjiang is null 
2013-12-24 17:20:34,775 INFO main cn.ac.iie.ulss.metastore.MetaStoreTest 50 - the mm.url for henan is null 
2013-12-24 17:20:34,776 INFO main cn.ac.iie.ulss.metastore.MetaStoreTest 50 - the mm.url for hubei is null 
2013-12-24 17:20:34,776 INFO main cn.ac.iie.ulss.metastore.MetaStoreTest 50 - the mm.url for hunan is null 
2013-12-24 17:20:34,777 INFO main cn.ac.iie.ulss.metastore.MetaStoreTest 50 - the mm.url for jiangxi is null 
2013-12-24 17:20:34,777 INFO main cn.ac.iie.ulss.metastore.MetaStoreTest 50 - the mm.url for jilin is null 
2013-12-24 17:20:34,778 INFO main cn.ac.iie.ulss.metastore.MetaStoreTest 50 - the mm.url for liaoning is null 
2013-12-24 17:20:34,778 INFO main cn.ac.iie.ulss.metastore.MetaStoreTest 50 - the mm.url for neimenggu is null 
2013-12-24 17:20:34,779 INFO main cn.ac.iie.ulss.metastore.MetaStoreTest 50 - the mm.url for ningxia is null 
2013-12-24 17:20:34,779 INFO main cn.ac.iie.ulss.metastore.MetaStoreTest 50 - the mm.url for qinghai is null 
2013-12-24 17:20:34,780 INFO main cn.ac.iie.ulss.metastore.MetaStoreTest 50 - the mm.url for shandong is null 
2013-12-24 17:20:34,780 INFO main cn.ac.iie.ulss.metastore.MetaStoreTest 50 - the mm.url for shanghai is null 
2013-12-24 17:20:34,782 INFO main cn.ac.iie.ulss.metastore.MetaStoreTest 50 - the mm.url for shanxi is null 
2013-12-24 17:20:34,783 INFO main cn.ac.iie.ulss.metastore.MetaStoreTest 50 - the mm.url for shanxi1 is null 
2013-12-24 17:20:34,783 INFO main cn.ac.iie.ulss.metastore.MetaStoreTest 50 - the mm.url for tianjin is null 
2013-12-24 17:20:34,783 INFO main cn.ac.iie.ulss.metastore.MetaStoreTest 50 - the mm.url for top_db is null 
2013-12-24 17:20:34,784 INFO main cn.ac.iie.ulss.metastore.MetaStoreTest 50 - the mm.url for xizang is null 
2013-12-24 17:20:34,784 INFO main cn.ac.iie.ulss.metastore.MetaStoreTest 50 - the mm.url for zhejiang is null 
2013-12-24 17:20:34,822 ERROR main cn.ac.iie.ulss.metastore.MetaStoreTest 189 - NoSuchObjectException(message:db1.t_dx_rz_qydx table not found)
NoSuchObjectException(message:db1.t_dx_rz_qydx table not found)
	at org.apache.hadoop.hive.metastore.api.ThriftHiveMetastore$get_table_result$get_table_resultStandardScheme.read(ThriftHiveMetastore.java)
	at org.apache.hadoop.hive.metastore.api.ThriftHiveMetastore$get_table_result$get_table_resultStandardScheme.read(ThriftHiveMetastore.java)
	at org.apache.hadoop.hive.metastore.api.ThriftHiveMetastore$get_table_result.read(ThriftHiveMetastore.java)
	at org.apache.thrift.TServiceClient.receiveBase(TServiceClient.java:78)
	at org.apache.hadoop.hive.metastore.api.ThriftHiveMetastore$Client.recv_get_table(ThriftHiveMetastore.java:2750)
	at org.apache.hadoop.hive.metastore.api.ThriftHiveMetastore$Client.get_table(ThriftHiveMetastore.java:2736)
	at org.apache.hadoop.hive.metastore.HiveMetaStoreClient.getTable(HiveMetaStoreClient.java:1013)
	at sun.reflect.NativeMethodAccessorImpl.invoke0(Native Method)
	at sun.reflect.NativeMethodAccessorImpl.invoke(NativeMethodAccessorImpl.java:39)
	at sun.reflect.DelegatingMethodAccessorImpl.invoke(DelegatingMethodAccessorImpl.java:25)
	at java.lang.reflect.Method.invoke(Method.java:597)
	at iie.metastore.MetaStoreClient$RetryingMetaStoreClient.invoke(MetaStoreClient.java:137)
	at $Proxy4.getTable(Unknown Source)
	at cn.ac.iie.ulss.metastore.MetaStoreTest.main(MetaStoreTest.java:64)
2013-12-24 17:26:09,344 WARN main org.apache.hadoop.hive.conf.HiveConf 75 - hive-site.xml not found on CLASSPATH
2013-12-24 17:26:09,857 INFO main hive.metastore 321 - Trying to connect to metastore with URI thrift://192.168.1.14:10101
2013-12-24 17:26:34,221 WARN main org.apache.hadoop.hive.conf.HiveConf 75 - hive-site.xml not found on CLASSPATH
2013-12-24 17:26:34,677 INFO main hive.metastore 321 - Trying to connect to metastore with URI thrift://192.168.1.14:10101
2013-12-24 17:26:34,713 INFO main hive.metastore 399 - Waiting 1 seconds before next connection attempt.
2013-12-24 17:26:35,714 INFO main hive.metastore 409 - Connected to metastore.
2013-12-24 17:26:36,241 INFO main cn.ac.iie.ulss.metastore.MetaStoreTest 50 - the mm.url for anhui is null 
2013-12-24 17:26:36,241 INFO main cn.ac.iie.ulss.metastore.MetaStoreTest 50 - the mm.url for beijing is null 
2013-12-24 17:26:36,242 INFO main cn.ac.iie.ulss.metastore.MetaStoreTest 50 - the mm.url for chongqing is null 
2013-12-24 17:26:36,242 INFO main cn.ac.iie.ulss.metastore.MetaStoreTest 50 - the mm.url for dbtest is null 
2013-12-24 17:26:36,243 INFO main cn.ac.iie.ulss.metastore.MetaStoreTest 50 - the mm.url for dbtest1 is null 
2013-12-24 17:26:36,243 INFO main cn.ac.iie.ulss.metastore.MetaStoreTest 50 - the mm.url for dbtest2 is null 
2013-12-24 17:26:36,243 INFO main cn.ac.iie.ulss.metastore.MetaStoreTest 50 - the mm.url for dbtest3 is null 
2013-12-24 17:26:36,243 INFO main cn.ac.iie.ulss.metastore.MetaStoreTest 50 - the mm.url for dbtest7 is null 
2013-12-24 17:26:36,244 INFO main cn.ac.iie.ulss.metastore.MetaStoreTest 50 - the mm.url for dbzqh is null 
2013-12-24 17:26:36,244 INFO main cn.ac.iie.ulss.metastore.MetaStoreTest 50 - the mm.url for dbzy is null 
2013-12-24 17:26:36,245 INFO main cn.ac.iie.ulss.metastore.MetaStoreTest 50 - the mm.url for dbzy2 is null 
2013-12-24 17:26:36,245 INFO main cn.ac.iie.ulss.metastore.MetaStoreTest 50 - the mm.url for dbzy3 is null 
2013-12-24 17:26:36,250 INFO main cn.ac.iie.ulss.metastore.MetaStoreTest 50 - the mm.url for fujian is null 
2013-12-24 17:26:36,250 INFO main cn.ac.iie.ulss.metastore.MetaStoreTest 50 - the mm.url for gansu is null 
2013-12-24 17:26:36,251 INFO main cn.ac.iie.ulss.metastore.MetaStoreTest 50 - the mm.url for guangdong is null 
2013-12-24 17:26:36,251 INFO main cn.ac.iie.ulss.metastore.MetaStoreTest 50 - the mm.url for guangxi is null 
2013-12-24 17:26:36,251 INFO main cn.ac.iie.ulss.metastore.MetaStoreTest 50 - the mm.url for guizhou is null 
2013-12-24 17:26:36,251 INFO main cn.ac.iie.ulss.metastore.MetaStoreTest 50 - the mm.url for hainan is null 
2013-12-24 17:26:36,252 INFO main cn.ac.iie.ulss.metastore.MetaStoreTest 50 - the mm.url for hebei is null 
2013-12-24 17:26:36,252 INFO main cn.ac.iie.ulss.metastore.MetaStoreTest 50 - the mm.url for heilongjiang is null 
2013-12-24 17:26:36,252 INFO main cn.ac.iie.ulss.metastore.MetaStoreTest 50 - the mm.url for henan is null 
2013-12-24 17:26:36,253 INFO main cn.ac.iie.ulss.metastore.MetaStoreTest 50 - the mm.url for hubei is null 
2013-12-24 17:26:36,253 INFO main cn.ac.iie.ulss.metastore.MetaStoreTest 50 - the mm.url for hunan is null 
2013-12-24 17:26:36,253 INFO main cn.ac.iie.ulss.metastore.MetaStoreTest 50 - the mm.url for jiangxi is null 
2013-12-24 17:26:36,253 INFO main cn.ac.iie.ulss.metastore.MetaStoreTest 50 - the mm.url for jilin is null 
2013-12-24 17:26:36,254 INFO main cn.ac.iie.ulss.metastore.MetaStoreTest 50 - the mm.url for liaoning is null 
2013-12-24 17:26:36,254 INFO main cn.ac.iie.ulss.metastore.MetaStoreTest 50 - the mm.url for neimenggu is null 
2013-12-24 17:26:36,254 INFO main cn.ac.iie.ulss.metastore.MetaStoreTest 50 - the mm.url for ningxia is null 
2013-12-24 17:26:36,255 INFO main cn.ac.iie.ulss.metastore.MetaStoreTest 50 - the mm.url for qinghai is null 
2013-12-24 17:26:36,256 INFO main cn.ac.iie.ulss.metastore.MetaStoreTest 50 - the mm.url for shandong is null 
2013-12-24 17:26:36,256 INFO main cn.ac.iie.ulss.metastore.MetaStoreTest 50 - the mm.url for shanghai is null 
2013-12-24 17:26:36,257 INFO main cn.ac.iie.ulss.metastore.MetaStoreTest 50 - the mm.url for shanxi is null 
2013-12-24 17:26:36,257 INFO main cn.ac.iie.ulss.metastore.MetaStoreTest 50 - the mm.url for shanxi1 is null 
2013-12-24 17:26:36,257 INFO main cn.ac.iie.ulss.metastore.MetaStoreTest 50 - the mm.url for tianjin is null 
2013-12-24 17:26:36,259 INFO main cn.ac.iie.ulss.metastore.MetaStoreTest 50 - the mm.url for top_db is null 
2013-12-24 17:26:36,259 INFO main cn.ac.iie.ulss.metastore.MetaStoreTest 50 - the mm.url for xizang is null 
2013-12-24 17:26:36,260 INFO main cn.ac.iie.ulss.metastore.MetaStoreTest 50 - the mm.url for zhejiang is null 
2013-12-24 17:26:36,313 ERROR main cn.ac.iie.ulss.metastore.MetaStoreTest 189 - NoSuchObjectException(message:db1.t_dx_rz_qydx table not found)
NoSuchObjectException(message:db1.t_dx_rz_qydx table not found)
	at org.apache.hadoop.hive.metastore.api.ThriftHiveMetastore$get_table_result$get_table_resultStandardScheme.read(ThriftHiveMetastore.java)
	at org.apache.hadoop.hive.metastore.api.ThriftHiveMetastore$get_table_result$get_table_resultStandardScheme.read(ThriftHiveMetastore.java)
	at org.apache.hadoop.hive.metastore.api.ThriftHiveMetastore$get_table_result.read(ThriftHiveMetastore.java)
	at org.apache.thrift.TServiceClient.receiveBase(TServiceClient.java:78)
	at org.apache.hadoop.hive.metastore.api.ThriftHiveMetastore$Client.recv_get_table(ThriftHiveMetastore.java:2750)
	at org.apache.hadoop.hive.metastore.api.ThriftHiveMetastore$Client.get_table(ThriftHiveMetastore.java:2736)
	at org.apache.hadoop.hive.metastore.HiveMetaStoreClient.getTable(HiveMetaStoreClient.java:1013)
	at sun.reflect.NativeMethodAccessorImpl.invoke0(Native Method)
	at sun.reflect.NativeMethodAccessorImpl.invoke(NativeMethodAccessorImpl.java:39)
	at sun.reflect.DelegatingMethodAccessorImpl.invoke(DelegatingMethodAccessorImpl.java:25)
	at java.lang.reflect.Method.invoke(Method.java:597)
	at iie.metastore.MetaStoreClient$RetryingMetaStoreClient.invoke(MetaStoreClient.java:137)
	at $Proxy4.getTable(Unknown Source)
	at cn.ac.iie.ulss.metastore.MetaStoreTest.main(MetaStoreTest.java:64)
2013-12-24 17:26:57,346 WARN main org.apache.hadoop.hive.conf.HiveConf 75 - hive-site.xml not found on CLASSPATH
2013-12-24 17:26:57,773 INFO main hive.metastore 321 - Trying to connect to metastore with URI thrift://192.168.1.14:10101
2013-12-24 17:26:57,809 INFO main hive.metastore 399 - Waiting 1 seconds before next connection attempt.
2013-12-24 17:26:58,809 INFO main hive.metastore 409 - Connected to metastore.
2013-12-24 17:26:59,798 INFO main cn.ac.iie.ulss.metastore.MetaStoreTest 50 - the mm.url for anhui is null 
2013-12-24 17:26:59,798 INFO main cn.ac.iie.ulss.metastore.MetaStoreTest 50 - the mm.url for beijing is null 
2013-12-24 17:26:59,798 INFO main cn.ac.iie.ulss.metastore.MetaStoreTest 50 - the mm.url for chongqing is null 
2013-12-24 17:26:59,799 INFO main cn.ac.iie.ulss.metastore.MetaStoreTest 50 - the mm.url for dbtest is null 
2013-12-24 17:26:59,799 INFO main cn.ac.iie.ulss.metastore.MetaStoreTest 50 - the mm.url for dbtest1 is null 
2013-12-24 17:26:59,799 INFO main cn.ac.iie.ulss.metastore.MetaStoreTest 50 - the mm.url for dbtest2 is null 
2013-12-24 17:26:59,800 INFO main cn.ac.iie.ulss.metastore.MetaStoreTest 50 - the mm.url for dbtest3 is null 
2013-12-24 17:26:59,800 INFO main cn.ac.iie.ulss.metastore.MetaStoreTest 50 - the mm.url for dbtest7 is null 
2013-12-24 17:26:59,800 INFO main cn.ac.iie.ulss.metastore.MetaStoreTest 50 - the mm.url for dbzqh is null 
2013-12-24 17:26:59,801 INFO main cn.ac.iie.ulss.metastore.MetaStoreTest 50 - the mm.url for dbzy is null 
2013-12-24 17:26:59,801 INFO main cn.ac.iie.ulss.metastore.MetaStoreTest 50 - the mm.url for dbzy2 is null 
2013-12-24 17:26:59,801 INFO main cn.ac.iie.ulss.metastore.MetaStoreTest 50 - the mm.url for dbzy3 is null 
2013-12-24 17:26:59,807 INFO main cn.ac.iie.ulss.metastore.MetaStoreTest 50 - the mm.url for fujian is null 
2013-12-24 17:26:59,808 INFO main cn.ac.iie.ulss.metastore.MetaStoreTest 50 - the mm.url for gansu is null 
2013-12-24 17:26:59,808 INFO main cn.ac.iie.ulss.metastore.MetaStoreTest 50 - the mm.url for guangdong is null 
2013-12-24 17:26:59,809 INFO main cn.ac.iie.ulss.metastore.MetaStoreTest 50 - the mm.url for guangxi is null 
2013-12-24 17:26:59,810 INFO main cn.ac.iie.ulss.metastore.MetaStoreTest 50 - the mm.url for guizhou is null 
2013-12-24 17:26:59,811 INFO main cn.ac.iie.ulss.metastore.MetaStoreTest 50 - the mm.url for hainan is null 
2013-12-24 17:26:59,812 INFO main cn.ac.iie.ulss.metastore.MetaStoreTest 50 - the mm.url for hebei is null 
2013-12-24 17:26:59,812 INFO main cn.ac.iie.ulss.metastore.MetaStoreTest 50 - the mm.url for heilongjiang is null 
2013-12-24 17:26:59,813 INFO main cn.ac.iie.ulss.metastore.MetaStoreTest 50 - the mm.url for henan is null 
2013-12-24 17:26:59,814 INFO main cn.ac.iie.ulss.metastore.MetaStoreTest 50 - the mm.url for hubei is null 
2013-12-24 17:26:59,815 INFO main cn.ac.iie.ulss.metastore.MetaStoreTest 50 - the mm.url for hunan is null 
2013-12-24 17:26:59,816 INFO main cn.ac.iie.ulss.metastore.MetaStoreTest 50 - the mm.url for jiangxi is null 
2013-12-24 17:26:59,816 INFO main cn.ac.iie.ulss.metastore.MetaStoreTest 50 - the mm.url for jilin is null 
2013-12-24 17:26:59,817 INFO main cn.ac.iie.ulss.metastore.MetaStoreTest 50 - the mm.url for liaoning is null 
2013-12-24 17:26:59,818 INFO main cn.ac.iie.ulss.metastore.MetaStoreTest 50 - the mm.url for neimenggu is null 
2013-12-24 17:26:59,819 INFO main cn.ac.iie.ulss.metastore.MetaStoreTest 50 - the mm.url for ningxia is null 
2013-12-24 17:26:59,820 INFO main cn.ac.iie.ulss.metastore.MetaStoreTest 50 - the mm.url for qinghai is null 
2013-12-24 17:26:59,821 INFO main cn.ac.iie.ulss.metastore.MetaStoreTest 50 - the mm.url for shandong is null 
2013-12-24 17:26:59,821 INFO main cn.ac.iie.ulss.metastore.MetaStoreTest 50 - the mm.url for shanghai is null 
2013-12-24 17:26:59,821 INFO main cn.ac.iie.ulss.metastore.MetaStoreTest 50 - the mm.url for shanxi is null 
2013-12-24 17:26:59,821 INFO main cn.ac.iie.ulss.metastore.MetaStoreTest 50 - the mm.url for shanxi1 is null 
2013-12-24 17:26:59,822 INFO main cn.ac.iie.ulss.metastore.MetaStoreTest 50 - the mm.url for tianjin is null 
2013-12-24 17:26:59,822 INFO main cn.ac.iie.ulss.metastore.MetaStoreTest 50 - the mm.url for top_db is null 
2013-12-24 17:26:59,822 INFO main cn.ac.iie.ulss.metastore.MetaStoreTest 50 - the mm.url for xizang is null 
2013-12-24 17:26:59,822 INFO main cn.ac.iie.ulss.metastore.MetaStoreTest 50 - the mm.url for zhejiang is null 
2013-12-24 17:26:59,869 ERROR main cn.ac.iie.ulss.metastore.MetaStoreTest 189 - NoSuchObjectException(message:db1.t_dx_rz_qydx table not found)
NoSuchObjectException(message:db1.t_dx_rz_qydx table not found)
	at org.apache.hadoop.hive.metastore.api.ThriftHiveMetastore$get_table_result$get_table_resultStandardScheme.read(ThriftHiveMetastore.java)
	at org.apache.hadoop.hive.metastore.api.ThriftHiveMetastore$get_table_result$get_table_resultStandardScheme.read(ThriftHiveMetastore.java)
	at org.apache.hadoop.hive.metastore.api.ThriftHiveMetastore$get_table_result.read(ThriftHiveMetastore.java)
	at org.apache.thrift.TServiceClient.receiveBase(TServiceClient.java:78)
	at org.apache.hadoop.hive.metastore.api.ThriftHiveMetastore$Client.recv_get_table(ThriftHiveMetastore.java:2750)
	at org.apache.hadoop.hive.metastore.api.ThriftHiveMetastore$Client.get_table(ThriftHiveMetastore.java:2736)
	at org.apache.hadoop.hive.metastore.HiveMetaStoreClient.getTable(HiveMetaStoreClient.java:1013)
	at sun.reflect.NativeMethodAccessorImpl.invoke0(Native Method)
	at sun.reflect.NativeMethodAccessorImpl.invoke(NativeMethodAccessorImpl.java:39)
	at sun.reflect.DelegatingMethodAccessorImpl.invoke(DelegatingMethodAccessorImpl.java:25)
	at java.lang.reflect.Method.invoke(Method.java:597)
	at iie.metastore.MetaStoreClient$RetryingMetaStoreClient.invoke(MetaStoreClient.java:137)
	at $Proxy4.getTable(Unknown Source)
	at cn.ac.iie.ulss.metastore.MetaStoreTest.main(MetaStoreTest.java:64)
2013-12-24 17:29:00,049 WARN main org.apache.hadoop.hive.conf.HiveConf 75 - hive-site.xml not found on CLASSPATH
2013-12-24 17:29:00,503 INFO main hive.metastore 321 - Trying to connect to metastore with URI thrift://192.168.1.14:10101
2013-12-24 17:29:00,539 INFO main hive.metastore 399 - Waiting 1 seconds before next connection attempt.
2013-12-24 17:29:01,539 INFO main hive.metastore 409 - Connected to metastore.
2013-12-24 17:29:01,993 ERROR main cn.ac.iie.ulss.metastore.MetaStoreTest 192 - NoSuchObjectException(message:db1.t_dx_rz_qydx table not found)
NoSuchObjectException(message:db1.t_dx_rz_qydx table not found)
	at org.apache.hadoop.hive.metastore.api.ThriftHiveMetastore$get_table_result$get_table_resultStandardScheme.read(ThriftHiveMetastore.java)
	at org.apache.hadoop.hive.metastore.api.ThriftHiveMetastore$get_table_result$get_table_resultStandardScheme.read(ThriftHiveMetastore.java)
	at org.apache.hadoop.hive.metastore.api.ThriftHiveMetastore$get_table_result.read(ThriftHiveMetastore.java)
	at org.apache.thrift.TServiceClient.receiveBase(TServiceClient.java:78)
	at org.apache.hadoop.hive.metastore.api.ThriftHiveMetastore$Client.recv_get_table(ThriftHiveMetastore.java:2750)
	at org.apache.hadoop.hive.metastore.api.ThriftHiveMetastore$Client.get_table(ThriftHiveMetastore.java:2736)
	at org.apache.hadoop.hive.metastore.HiveMetaStoreClient.getTable(HiveMetaStoreClient.java:1013)
	at sun.reflect.NativeMethodAccessorImpl.invoke0(Native Method)
	at sun.reflect.NativeMethodAccessorImpl.invoke(NativeMethodAccessorImpl.java:39)
	at sun.reflect.DelegatingMethodAccessorImpl.invoke(DelegatingMethodAccessorImpl.java:25)
	at java.lang.reflect.Method.invoke(Method.java:597)
	at iie.metastore.MetaStoreClient$RetryingMetaStoreClient.invoke(MetaStoreClient.java:137)
	at $Proxy4.getTable(Unknown Source)
	at cn.ac.iie.ulss.metastore.MetaStoreTest.main(MetaStoreTest.java:67)
2013-12-24 17:43:33,571 WARN main org.apache.hadoop.hive.conf.HiveConf 75 - hive-site.xml not found on CLASSPATH
2013-12-24 17:43:34,038 INFO main hive.metastore 321 - Trying to connect to metastore with URI thrift://192.168.1.14:10101
2013-12-24 17:43:34,077 INFO main hive.metastore 399 - Waiting 1 seconds before next connection attempt.
2013-12-24 17:43:35,077 INFO main hive.metastore 409 - Connected to metastore.
2013-12-24 17:43:35,569 ERROR main cn.ac.iie.ulss.metastore.MetaStoreTest 192 - NoSuchObjectException(message:db1.t_dx_rz_qydx table not found)
NoSuchObjectException(message:db1.t_dx_rz_qydx table not found)
	at org.apache.hadoop.hive.metastore.api.ThriftHiveMetastore$get_table_result$get_table_resultStandardScheme.read(ThriftHiveMetastore.java)
	at org.apache.hadoop.hive.metastore.api.ThriftHiveMetastore$get_table_result$get_table_resultStandardScheme.read(ThriftHiveMetastore.java)
	at org.apache.hadoop.hive.metastore.api.ThriftHiveMetastore$get_table_result.read(ThriftHiveMetastore.java)
	at org.apache.thrift.TServiceClient.receiveBase(TServiceClient.java:78)
	at org.apache.hadoop.hive.metastore.api.ThriftHiveMetastore$Client.recv_get_table(ThriftHiveMetastore.java:2750)
	at org.apache.hadoop.hive.metastore.api.ThriftHiveMetastore$Client.get_table(ThriftHiveMetastore.java:2736)
	at org.apache.hadoop.hive.metastore.HiveMetaStoreClient.getTable(HiveMetaStoreClient.java:1013)
	at sun.reflect.NativeMethodAccessorImpl.invoke0(Native Method)
	at sun.reflect.NativeMethodAccessorImpl.invoke(NativeMethodAccessorImpl.java:39)
	at sun.reflect.DelegatingMethodAccessorImpl.invoke(DelegatingMethodAccessorImpl.java:25)
	at java.lang.reflect.Method.invoke(Method.java:597)
	at iie.metastore.MetaStoreClient$RetryingMetaStoreClient.invoke(MetaStoreClient.java:137)
	at $Proxy4.getTable(Unknown Source)
	at cn.ac.iie.ulss.metastore.MetaStoreTest.main(MetaStoreTest.java:67)
